lib/actions/definitive-report-actions.ts(35,32): error TS2554: Expected 0 arguments, but got 1.
lib/actions/definitive-report-actions.ts(672,24): error TS18048: 'dreDataRaw.impostos_vendas' is possibly 'undefined'.
