lib/actions/email-rating-actions.ts(27,32): error TS2554: Expected 0 arguments, but got 1.
lib/actions/email-rating-actions.ts(30,60): error TS2554: Expected 1 arguments, but got 2.
