lib/actions/financial/unified-financial-actions.ts(89,9): error TS2554: Expected 1 arguments, but got 6.
lib/actions/financial/unified-financial-actions.ts(97,9): error TS2554: Expected 1 arguments, but got 6.
lib/actions/financial/unified-financial-actions.ts(105,9): error TS2554: Expected 1 arguments, but got 6.
lib/actions/financial/unified-financial-actions.ts(113,9): error TS2554: Expected 1 arguments, but got 6.
lib/actions/financial/unified-financial-actions.ts(121,9): error TS2554: Expected 1 arguments, but got 6.
lib/actions/financial/unified-financial-actions.ts(129,9): error TS2554: Expected 1 arguments, but got 6.
lib/actions/financial/unified-financial-actions.ts(138,9): error TS2554: Expected 1-2 arguments, but got 6.
